[debug] [2022-11-05T11:41:45.592Z] ----------------------------------------------------------------------
[debug] [2022-11-05T11:41:45.593Z] Command:       C:\Program Files\nodejs\node.exe C:\Users\ronyr\AppData\Roaming\npm\node_modules\firebase-tools\lib\bin\firebase.js deploy
[debug] [2022-11-05T11:41:45.594Z] CLI Version:   11.14.4
[debug] [2022-11-05T11:41:45.594Z] Platform:      win32
[debug] [2022-11-05T11:41:45.594Z] Node Version:  v16.15.1
[debug] [2022-11-05T11:41:45.602Z] Time:          Sat Nov 05 2022 17:41:45 GMT+0600 (Bangladesh Standard Time)
[debug] [2022-11-05T11:41:45.602Z] ----------------------------------------------------------------------
[debug] 
[debug] [2022-11-05T11:41:45.665Z] > command requires scopes: ["email","openid","https://www.googleapis.com/auth/cloudplatformprojects.readonly","https://www.googleapis.com/auth/firebase","https://www.googleapis.com/auth/cloud-platform"]
[debug] [2022-11-05T11:41:45.665Z] > authorizing via signed-in user (mdronnieronniers@gmail.com)
[debug] [2022-11-05T11:41:45.665Z] [iam] checking project genius-car-d1bbd for permissions ["firebase.projects.get","firebasehosting.sites.update"]
[debug] [2022-11-05T11:41:45.667Z] > refreshing access token with scopes: []
[debug] [2022-11-05T11:41:45.669Z] >>> [apiv2][query] POST https://www.googleapis.com/oauth2/v3/token [none]
[debug] [2022-11-05T11:41:45.669Z] >>> [apiv2][body] POST https://www.googleapis.com/oauth2/v3/token [omitted]
[debug] [2022-11-05T11:42:06.757Z] [iam] error while checking permissions, command may fail: FirebaseError: Authentication Error: Your credentials are no longer valid. Please run firebase login --reauth

For CI servers and headless environments, generate a new token with firebase login:ci
[debug] [2022-11-05T11:42:06.757Z] > refreshing access token with scopes: []
[debug] [2022-11-05T11:42:06.758Z] >>> [apiv2][query] POST https://www.googleapis.com/oauth2/v3/token [none]
[debug] [2022-11-05T11:42:06.758Z] >>> [apiv2][body] POST https://www.googleapis.com/oauth2/v3/token [omitted]
[debug] [2022-11-05T11:42:27.804Z] Authentication Error: Your credentials are no longer valid. Please run firebase login --reauth

For CI servers and headless environments, generate a new token with firebase login:ci
[debug] [2022-11-05T11:42:32.812Z] Error: Timed out.
    at Timeout._onTimeout (C:\Users\ronyr\AppData\Roaming\npm\node_modules\firebase-tools\lib\utils.js:253:49)
    at listOnTimeout (node:internal/timers:559:17)
    at processTimers (node:internal/timers:502:7)
[error] 
[error] Error: An unexpected error has occurred.
[debug] [2022-11-05T11:42:45.313Z] ----------------------------------------------------------------------
[debug] [2022-11-05T11:42:45.314Z] Command:       C:\Program Files\nodejs\node.exe C:\Users\ronyr\AppData\Roaming\npm\node_modules\firebase-tools\lib\bin\firebase.js deploy
[debug] [2022-11-05T11:42:45.315Z] CLI Version:   11.14.4
[debug] [2022-11-05T11:42:45.315Z] Platform:      win32
[debug] [2022-11-05T11:42:45.315Z] Node Version:  v16.15.1
[debug] [2022-11-05T11:42:45.316Z] Time:          Sat Nov 05 2022 17:42:45 GMT+0600 (Bangladesh Standard Time)
[debug] [2022-11-05T11:42:45.316Z] ----------------------------------------------------------------------
[debug] 
[debug] [2022-11-05T11:42:45.377Z] > command requires scopes: ["email","openid","https://www.googleapis.com/auth/cloudplatformprojects.readonly","https://www.googleapis.com/auth/firebase","https://www.googleapis.com/auth/cloud-platform"]
[debug] [2022-11-05T11:42:45.377Z] > authorizing via signed-in user (mdronnieronniers@gmail.com)
[debug] [2022-11-05T11:42:45.377Z] [iam] checking project genius-car-d1bbd for permissions ["firebase.projects.get","firebasehosting.sites.update"]
[debug] [2022-11-05T11:42:45.379Z] > refreshing access token with scopes: []
[debug] [2022-11-05T11:42:45.381Z] >>> [apiv2][query] POST https://www.googleapis.com/oauth2/v3/token [none]
[debug] [2022-11-05T11:42:45.381Z] >>> [apiv2][body] POST https://www.googleapis.com/oauth2/v3/token [omitted]
[debug] [2022-11-05T11:43:06.451Z] [iam] error while checking permissions, command may fail: FirebaseError: Authentication Error: Your credentials are no longer valid. Please run firebase login --reauth

For CI servers and headless environments, generate a new token with firebase login:ci
[debug] [2022-11-05T11:43:06.452Z] > refreshing access token with scopes: []
[debug] [2022-11-05T11:43:06.452Z] >>> [apiv2][query] POST https://www.googleapis.com/oauth2/v3/token [none]
[debug] [2022-11-05T11:43:06.452Z] >>> [apiv2][body] POST https://www.googleapis.com/oauth2/v3/token [omitted]
[debug] [2022-11-05T11:43:35.883Z] ----------------------------------------------------------------------
[debug] [2022-11-05T11:43:35.885Z] Command:       C:\Program Files\nodejs\node.exe C:\Users\ronyr\AppData\Roaming\npm\node_modules\firebase-tools\lib\bin\firebase.js deploy
[debug] [2022-11-05T11:43:35.885Z] CLI Version:   11.14.4
[debug] [2022-11-05T11:43:35.885Z] Platform:      win32
[debug] [2022-11-05T11:43:35.885Z] Node Version:  v16.15.1
[debug] [2022-11-05T11:43:35.886Z] Time:          Sat Nov 05 2022 17:43:35 GMT+0600 (Bangladesh Standard Time)
[debug] [2022-11-05T11:43:35.887Z] ----------------------------------------------------------------------
[debug] 
[debug] [2022-11-05T11:43:35.949Z] > command requires scopes: ["email","openid","https://www.googleapis.com/auth/cloudplatformprojects.readonly","https://www.googleapis.com/auth/firebase","https://www.googleapis.com/auth/cloud-platform"]
[debug] [2022-11-05T11:43:35.949Z] > authorizing via signed-in user (mdronnieronniers@gmail.com)
[debug] [2022-11-05T11:43:35.949Z] [iam] checking project genius-car-d1bbd for permissions ["firebase.projects.get","firebasehosting.sites.update"]
[debug] [2022-11-05T11:43:35.951Z] > refreshing access token with scopes: []
[debug] [2022-11-05T11:43:35.953Z] >>> [apiv2][query] POST https://www.googleapis.com/oauth2/v3/token [none]
[debug] [2022-11-05T11:43:35.953Z] >>> [apiv2][body] POST https://www.googleapis.com/oauth2/v3/token [omitted]
[debug] [2022-11-05T11:43:57.012Z] [iam] error while checking permissions, command may fail: FirebaseError: Authentication Error: Your credentials are no longer valid. Please run firebase login --reauth

For CI servers and headless environments, generate a new token with firebase login:ci
[debug] [2022-11-05T11:43:57.013Z] > refreshing access token with scopes: []
[debug] [2022-11-05T11:43:57.013Z] >>> [apiv2][query] POST https://www.googleapis.com/oauth2/v3/token [none]
[debug] [2022-11-05T11:43:57.013Z] >>> [apiv2][body] POST https://www.googleapis.com/oauth2/v3/token [omitted]
[debug] [2022-11-05T11:44:18.067Z] Authentication Error: Your credentials are no longer valid. Please run firebase login --reauth

For CI servers and headless environments, generate a new token with firebase login:ci
[debug] [2022-11-05T11:44:23.092Z] Error: Timed out.
    at Timeout._onTimeout (C:\Users\ronyr\AppData\Roaming\npm\node_modules\firebase-tools\lib\utils.js:253:49)
    at listOnTimeout (node:internal/timers:559:17)
    at processTimers (node:internal/timers:502:7)
[error] 
[error] Error: An unexpected error has occurred.
[debug] [2022-11-05T11:46:17.478Z] ----------------------------------------------------------------------
[debug] [2022-11-05T11:46:17.479Z] Command:       C:\Program Files\nodejs\node.exe C:\Users\ronyr\AppData\Roaming\npm\node_modules\firebase-tools\lib\bin\firebase.js deploy
[debug] [2022-11-05T11:46:17.480Z] CLI Version:   11.14.4
[debug] [2022-11-05T11:46:17.480Z] Platform:      win32
[debug] [2022-11-05T11:46:17.480Z] Node Version:  v16.15.1
[debug] [2022-11-05T11:46:17.481Z] Time:          Sat Nov 05 2022 17:46:17 GMT+0600 (Bangladesh Standard Time)
[debug] [2022-11-05T11:46:17.481Z] ----------------------------------------------------------------------
[debug] 
[debug] [2022-11-05T11:46:17.543Z] > command requires scopes: ["email","openid","https://www.googleapis.com/auth/cloudplatformprojects.readonly","https://www.googleapis.com/auth/firebase","https://www.googleapis.com/auth/cloud-platform"]
[debug] [2022-11-05T11:46:17.543Z] > authorizing via signed-in user (mdronnieronniers@gmail.com)
[debug] [2022-11-05T11:46:17.543Z] [iam] checking project genius-car-d1bbd for permissions ["firebase.projects.get","firebasehosting.sites.update"]
[debug] [2022-11-05T11:46:17.545Z] > refreshing access token with scopes: []
[debug] [2022-11-05T11:46:17.546Z] >>> [apiv2][query] POST https://www.googleapis.com/oauth2/v3/token [none]
[debug] [2022-11-05T11:46:17.546Z] >>> [apiv2][body] POST https://www.googleapis.com/oauth2/v3/token [omitted]
[debug] [2022-11-05T11:46:17.870Z] <<< [apiv2][status] POST https://www.googleapis.com/oauth2/v3/token 200
[debug] [2022-11-05T11:46:17.871Z] <<< [apiv2][body] POST https://www.googleapis.com/oauth2/v3/token [omitted]
[debug] [2022-11-05T11:46:17.885Z] >>> [apiv2][query] POST https://cloudresourcemanager.googleapis.com/v1/projects/genius-car-d1bbd:testIamPermissions [none]
[debug] [2022-11-05T11:46:17.886Z] >>> [apiv2][(partial)header] POST https://cloudresourcemanager.googleapis.com/v1/projects/genius-car-d1bbd:testIamPermissions x-goog-quota-user=projects/genius-car-d1bbd
[debug] [2022-11-05T11:46:17.886Z] >>> [apiv2][body] POST https://cloudresourcemanager.googleapis.com/v1/projects/genius-car-d1bbd:testIamPermissions {"permissions":["firebase.projects.get","firebasehosting.sites.update"]}
[debug] [2022-11-05T11:46:19.636Z] <<< [apiv2][status] POST https://cloudresourcemanager.googleapis.com/v1/projects/genius-car-d1bbd:testIamPermissions 200
[debug] [2022-11-05T11:46:19.636Z] <<< [apiv2][body] POST https://cloudresourcemanager.googleapis.com/v1/projects/genius-car-d1bbd:testIamPermissions {"permissions":["firebase.projects.get","firebasehosting.sites.update"]}
[debug] [2022-11-05T11:46:19.637Z] >>> [apiv2][query] GET https://firebase.googleapis.com/v1beta1/projects/genius-car-d1bbd [none]
[debug] [2022-11-05T11:46:20.604Z] <<< [apiv2][status] GET https://firebase.googleapis.com/v1beta1/projects/genius-car-d1bbd 200
[debug] [2022-11-05T11:46:20.604Z] <<< [apiv2][body] GET https://firebase.googleapis.com/v1beta1/projects/genius-car-d1bbd {"projectId":"genius-car-d1bbd","projectNumber":"213290490583","displayName":"genius-car","name":"projects/genius-car-d1bbd","resources":{"hostingSite":"genius-car-d1bbd"},"state":"ACTIVE","etag":"1_f774f835-ea6f-483a-ba45-10604f36ded8"}
[info] 
[info] === Deploying to 'genius-car-d1bbd'...
[info] 
[info] i  deploying hosting 
[debug] [2022-11-05T11:46:20.607Z] >>> [apiv2][query] POST https://firebasehosting.googleapis.com/v1beta1/projects/-/sites/genius-car-d1bbd/versions [none]
[debug] [2022-11-05T11:46:20.607Z] >>> [apiv2][body] POST https://firebasehosting.googleapis.com/v1beta1/projects/-/sites/genius-car-d1bbd/versions {"status":"CREATED","labels":{"deployment-tool":"cli-firebase"}}
[debug] [2022-11-05T11:46:22.380Z] <<< [apiv2][status] POST https://firebasehosting.googleapis.com/v1beta1/projects/-/sites/genius-car-d1bbd/versions 200
[debug] [2022-11-05T11:46:22.380Z] <<< [apiv2][body] POST https://firebasehosting.googleapis.com/v1beta1/projects/-/sites/genius-car-d1bbd/versions {"name":"projects/213290490583/sites/genius-car-d1bbd/versions/9eaa9a7a604e4329","status":"CREATED","config":{},"labels":{"deployment-tool":"cli-firebase"}}
[info] i  hosting[genius-car-d1bbd]: beginning deploy... 
[info] i  hosting[genius-car-d1bbd]: found 25 files in build 
[debug] [2022-11-05T11:46:22.393Z] [hosting] uploading with 200 concurrency
[debug] [2022-11-05T11:46:22.581Z] [hosting] hash cache [YnVpbGQ] stored for 25 files
[debug] [2022-11-05T11:46:22.581Z] [hosting][hash queue][FINAL] {"max":180,"min":4,"avg":50,"active":0,"complete":25,"success":25,"errored":0,"retried":0,"total":25,"elapsed":186}
[debug] [2022-11-05T11:46:22.582Z] >>> [apiv2][query] POST https://firebasehosting.googleapis.com/v1beta1/projects/213290490583/sites/genius-car-d1bbd/versions/9eaa9a7a604e4329:populateFiles [none]
[debug] [2022-11-05T11:46:22.582Z] >>> [apiv2][body] POST https://firebasehosting.googleapis.com/v1beta1/projects/213290490583/sites/genius-car-d1bbd/versions/9eaa9a7a604e4329:populateFiles {"files":{"/favicon.ico":"eae62e993eb980ec8a25058c39d5a51feab118bd2100c4deebb2a9c158ec11f9","/logo192.png":"3ee59515172ee198f3be375979df15ac5345183e656720a381b8872b2a39dc8b","/logo512.png":"ee7e2f3fdb8209c4b6fd7bef6ba50d1b9dba30a25bb5c3126df057e1cb6f5331","/manifest.json":"aff3449bdc238776f5d6d967f19ec491b36aed5fb7f23ccff6500736fd58494a","/robots.txt":"bfe106a3fb878dc83461c86818bf74fc1bdc7f28538ba613cd3e775516ce8b49","/services.json":"7a717b9b6e78992aa3a1d41ce5c3fa6bd8f2f7c1dbbaf23ca2381a4eadc93e23","/asset-manifest.json":"76aafb41bf9871153bac97a69f2cf175a8b026c94c6582f83c9e5179e8098495","/index.html":"ea741b4a3de0770eb5d358ab2ac25bbcc9803fe53d64cc3bca2dbb685e60baea","/static/js/787.6198c1d5.chunk.js":"138b507e76b13951750f87b0bce174dbc245c906991f084178b4a91c6d9f4bf4","/static/js/main.bb54784e.js.LICENSE.txt":"f3d94de3dd868a790f5618fd9dc106f2ab2e45151a76a6b2090f0a9c6820c134","/static/js/787.6198c1d5.chunk.js.map":"af0b5df0b84cf7923f73e3ed60d1330b62ce142781e2fd47956c986f3e72faaa","/static/media/logo.a2470400f180bfac8d97880fc478101e.svg":"0ff781e5bba25d71075e93e5097a5542dcc12859ccd9afb04c7654dd6757b9f4","/static/css/main.0b8af06c.css.map":"a6aafb8b8e28f5a3e6f8360dde7ff1faf8f46153d82756288b11291eaaacdafe","/static/css/main.0b8af06c.css":"1430a66400fa2a48bc7e5807376b68162975d5285b5cca562b45a4bf231c4712","/static/media/login.2b00a57b9fea2b1d57315ac4bdd1c48b.svg":"2d342b197e85f4d9251da3e8850150f4a6ccf3d9b0ea245e38011028a497dd2c","/static/js/main.bb54784e.js":"31f0276c05ec5fd594b00296b131928f6e9ae059a375640f6c2c5a3b32a1a929","/static/media/parts.5d7c45c1faece42734fc.jpg":"3178b25f1ab4c5f49150630cda51590b932525d6994cd67205bb53eafaf9d686","/static/media/3.c91e1e0921121617da2a.jpg":"7e1c8faf6bba42b855594fb973e62d36ff9a0b356c40c866e6db447cfafa0cbb","/static/media/4.2f62022d0a5004b2288f.jpg":"b8265f48f6459ad8f3e72f708d6018d15b6f06d99812a47b95126f08378b938b","/static/media/5.5369d3ba48241a246f54.jpg":"4e724d658d22acef905d81741ad11af943d802de4b886768b2425ea98aa78cf7","/static/media/1.4e475131b84d3136b09f.jpg":"da85d9cfa30538f966c31890b54c722e1f0887eeef3d4f7edad47ee70ff92f34","/static/media/2.633a6ac636906e1d0fad.jpg":"ef023e953537750a0677dd7d4842cc5f092507bfb64f4f73ee50f73ac6a3e968","/static/media/6.b18dd0e62cb4e0fdbe7d.jpg":"b67c22ce3b0efebe9c0ce64b817422e96e42f56da601a83d1b869b90e1f92192","/static/media/person.946b62323b8beee0fab8.jpg":"f9e42cecffc7f3db21a5edca9418836dce1098308418d7cd8abcc18720fec44f","/static/js/main.bb54784e.js.map":"168d33b471a873ca567b01b9589adfd31bd2957c4b937c0fd7f8f0eeabb1d296"}}
[debug] [2022-11-05T11:46:23.951Z] <<< [apiv2][status] POST https://firebasehosting.googleapis.com/v1beta1/projects/213290490583/sites/genius-car-d1bbd/versions/9eaa9a7a604e4329:populateFiles 200
[debug] [2022-11-05T11:46:23.951Z] <<< [apiv2][body] POST https://firebasehosting.googleapis.com/v1beta1/projects/213290490583/sites/genius-car-d1bbd/versions/9eaa9a7a604e4329:populateFiles {"uploadRequiredHashes":["168d33b471a873ca567b01b9589adfd31bd2957c4b937c0fd7f8f0eeabb1d296","76aafb41bf9871153bac97a69f2cf175a8b026c94c6582f83c9e5179e8098495","ea741b4a3de0770eb5d358ab2ac25bbcc9803fe53d64cc3bca2dbb685e60baea","31f0276c05ec5fd594b00296b131928f6e9ae059a375640f6c2c5a3b32a1a929"],"uploadUrl":"https://upload-firebasehosting.googleapis.com/upload/sites/genius-car-d1bbd/versions/9eaa9a7a604e4329/files"}
[debug] [2022-11-05T11:46:23.952Z] >>> [apiv2][query] POST https://upload-firebasehosting.googleapis.com/upload/sites/genius-car-d1bbd/versions/9eaa9a7a604e4329/files/168d33b471a873ca567b01b9589adfd31bd2957c4b937c0fd7f8f0eeabb1d296 [none]
[debug] [2022-11-05T11:46:23.952Z] >>> [apiv2][body] POST https://upload-firebasehosting.googleapis.com/upload/sites/genius-car-d1bbd/versions/9eaa9a7a604e4329/files/168d33b471a873ca567b01b9589adfd31bd2957c4b937c0fd7f8f0eeabb1d296 [stream]
[debug] [2022-11-05T11:46:23.953Z] >>> [apiv2][query] POST https://upload-firebasehosting.googleapis.com/upload/sites/genius-car-d1bbd/versions/9eaa9a7a604e4329/files/76aafb41bf9871153bac97a69f2cf175a8b026c94c6582f83c9e5179e8098495 [none]
[debug] [2022-11-05T11:46:23.953Z] >>> [apiv2][body] POST https://upload-firebasehosting.googleapis.com/upload/sites/genius-car-d1bbd/versions/9eaa9a7a604e4329/files/76aafb41bf9871153bac97a69f2cf175a8b026c94c6582f83c9e5179e8098495 [stream]
[debug] [2022-11-05T11:46:23.954Z] >>> [apiv2][query] POST https://upload-firebasehosting.googleapis.com/upload/sites/genius-car-d1bbd/versions/9eaa9a7a604e4329/files/ea741b4a3de0770eb5d358ab2ac25bbcc9803fe53d64cc3bca2dbb685e60baea [none]
[debug] [2022-11-05T11:46:23.954Z] >>> [apiv2][body] POST https://upload-firebasehosting.googleapis.com/upload/sites/genius-car-d1bbd/versions/9eaa9a7a604e4329/files/ea741b4a3de0770eb5d358ab2ac25bbcc9803fe53d64cc3bca2dbb685e60baea [stream]
[debug] [2022-11-05T11:46:23.955Z] >>> [apiv2][query] POST https://upload-firebasehosting.googleapis.com/upload/sites/genius-car-d1bbd/versions/9eaa9a7a604e4329/files/31f0276c05ec5fd594b00296b131928f6e9ae059a375640f6c2c5a3b32a1a929 [none]
[debug] [2022-11-05T11:46:23.955Z] >>> [apiv2][body] POST https://upload-firebasehosting.googleapis.com/upload/sites/genius-car-d1bbd/versions/9eaa9a7a604e4329/files/31f0276c05ec5fd594b00296b131928f6e9ae059a375640f6c2c5a3b32a1a929 [stream]
[debug] [2022-11-05T11:46:23.956Z] [hosting][populate queue][FINAL] {"max":1373,"min":1373,"avg":1373,"active":0,"complete":1,"success":1,"errored":0,"retried":0,"total":1,"elapsed":1377}
[debug] [2022-11-05T11:46:23.956Z] [hosting] uploads queued: 4
[debug] [2022-11-05T11:46:25.829Z] <<< [apiv2][status] POST https://upload-firebasehosting.googleapis.com/upload/sites/genius-car-d1bbd/versions/9eaa9a7a604e4329/files/ea741b4a3de0770eb5d358ab2ac25bbcc9803fe53d64cc3bca2dbb685e60baea 200
[debug] [2022-11-05T11:46:25.830Z] <<< [apiv2][body] POST https://upload-firebasehosting.googleapis.com/upload/sites/genius-car-d1bbd/versions/9eaa9a7a604e4329/files/ea741b4a3de0770eb5d358ab2ac25bbcc9803fe53d64cc3bca2dbb685e60baea [stream]
[debug] [2022-11-05T11:46:27.117Z] <<< [apiv2][status] POST https://upload-firebasehosting.googleapis.com/upload/sites/genius-car-d1bbd/versions/9eaa9a7a604e4329/files/76aafb41bf9871153bac97a69f2cf175a8b026c94c6582f83c9e5179e8098495 200
[debug] [2022-11-05T11:46:27.117Z] <<< [apiv2][body] POST https://upload-firebasehosting.googleapis.com/upload/sites/genius-car-d1bbd/versions/9eaa9a7a604e4329/files/76aafb41bf9871153bac97a69f2cf175a8b026c94c6582f83c9e5179e8098495 [stream]
[debug] [2022-11-05T11:46:27.227Z] <<< [apiv2][status] POST https://upload-firebasehosting.googleapis.com/upload/sites/genius-car-d1bbd/versions/9eaa9a7a604e4329/files/168d33b471a873ca567b01b9589adfd31bd2957c4b937c0fd7f8f0eeabb1d296 200
[debug] [2022-11-05T11:46:27.228Z] <<< [apiv2][body] POST https://upload-firebasehosting.googleapis.com/upload/sites/genius-car-d1bbd/versions/9eaa9a7a604e4329/files/168d33b471a873ca567b01b9589adfd31bd2957c4b937c0fd7f8f0eeabb1d296 [stream]
[debug] [2022-11-05T11:46:27.832Z] <<< [apiv2][status] POST https://upload-firebasehosting.googleapis.com/upload/sites/genius-car-d1bbd/versions/9eaa9a7a604e4329/files/31f0276c05ec5fd594b00296b131928f6e9ae059a375640f6c2c5a3b32a1a929 200
[debug] [2022-11-05T11:46:27.832Z] <<< [apiv2][body] POST https://upload-firebasehosting.googleapis.com/upload/sites/genius-car-d1bbd/versions/9eaa9a7a604e4329/files/31f0276c05ec5fd594b00296b131928f6e9ae059a375640f6c2c5a3b32a1a929 [stream]
[debug] [2022-11-05T11:46:27.833Z] [hosting][upload queue][FINAL] {"max":3881,"min":1878,"avg":3050.75,"active":0,"complete":4,"success":4,"errored":0,"retried":0,"total":4,"elapsed":3882}
[info] +  hosting[genius-car-d1bbd]: file upload complete 
[debug] [2022-11-05T11:46:27.837Z] [hosting] deploy completed after 5456ms
[debug] [2022-11-05T11:46:27.845Z] [
  {
    "config": {
      "public": "build",
      "ignore": [
        "firebase.json",
        "**/.*",
        "**/node_modules/**"
      ],
      "rewrites": [
        {
          "source": "**",
          "destination": "/index.html"
        }
      ],
      "site": "genius-car-d1bbd"
    },
    "version": "projects/213290490583/sites/genius-car-d1bbd/versions/9eaa9a7a604e4329"
  }
]
[info] i  hosting[genius-car-d1bbd]: finalizing version... 
[debug] [2022-11-05T11:46:27.851Z] >>> [apiv2][query] PATCH https://firebasehosting.googleapis.com/v1beta1/projects/-/sites/genius-car-d1bbd/versions/9eaa9a7a604e4329 updateMask=status%2Cconfig
[debug] [2022-11-05T11:46:27.851Z] >>> [apiv2][body] PATCH https://firebasehosting.googleapis.com/v1beta1/projects/-/sites/genius-car-d1bbd/versions/9eaa9a7a604e4329 {"status":"FINALIZED","config":{"rewrites":[{"glob":"**","path":"/index.html"}]}}
[debug] [2022-11-05T11:46:29.334Z] <<< [apiv2][status] PATCH https://firebasehosting.googleapis.com/v1beta1/projects/-/sites/genius-car-d1bbd/versions/9eaa9a7a604e4329 200
[debug] [2022-11-05T11:46:29.335Z] <<< [apiv2][body] PATCH https://firebasehosting.googleapis.com/v1beta1/projects/-/sites/genius-car-d1bbd/versions/9eaa9a7a604e4329 {"name":"projects/213290490583/sites/genius-car-d1bbd/versions/9eaa9a7a604e4329","status":"FINALIZED","config":{"rewrites":[{"glob":"**","path":"/index.html"}]},"labels":{"deployment-tool":"cli-firebase"},"createTime":"2022-11-05T11:46:21.986352Z","createUser":{"email":"mdronnieronniers@gmail.com"},"finalizeTime":"2022-11-05T11:46:29.374179Z","finalizeUser":{"email":"mdronnieronniers@gmail.com"}}
[debug] [2022-11-05T11:46:29.335Z] [hosting] finalized version for genius-car-d1bbd:[object Object]
[info] +  hosting[genius-car-d1bbd]: version finalized 
[info] i  hosting[genius-car-d1bbd]: releasing new version... 
[debug] [2022-11-05T11:46:29.340Z] >>> [apiv2][query] POST https://firebasehosting.googleapis.com/v1beta1/projects/-/sites/genius-car-d1bbd/channels/live/releases versionName=projects%2F213290490583%2Fsites%2Fgenius-car-d1bbd%2Fversions%2F9eaa9a7a604e4329
[debug] [2022-11-05T11:46:29.341Z] >>> [apiv2][body] POST https://firebasehosting.googleapis.com/v1beta1/projects/-/sites/genius-car-d1bbd/channels/live/releases {}
[debug] [2022-11-05T11:46:30.826Z] <<< [apiv2][status] POST https://firebasehosting.googleapis.com/v1beta1/projects/-/sites/genius-car-d1bbd/channels/live/releases 200
[debug] [2022-11-05T11:46:30.827Z] <<< [apiv2][body] POST https://firebasehosting.googleapis.com/v1beta1/projects/-/sites/genius-car-d1bbd/channels/live/releases {"name":"projects/213290490583/sites/genius-car-d1bbd/channels/live/releases/1667648790118888","version":{"name":"projects/213290490583/sites/genius-car-d1bbd/versions/9eaa9a7a604e4329","status":"FINALIZED","config":{"rewrites":[{"glob":"**","path":"/index.html"}]},"labels":{"deployment-tool":"cli-firebase"},"createTime":"2022-11-05T11:46:21.986352Z","createUser":{"email":"mdronnieronniers@gmail.com","imageUrl":"https://lh3.googleusercontent.com/a/ALm5wu32UBPZlt7gimZwmlrUpgQNvTPaLld4awujXRUwTg=mo"},"finalizeTime":"2022-11-05T11:46:29.374179Z","finalizeUser":{"email":"mdronnieronniers@gmail.com","imageUrl":"https://lh3.googleusercontent.com/a/ALm5wu32UBPZlt7gimZwmlrUpgQNvTPaLld4awujXRUwTg=mo"}},"type":"DEPLOY","releaseTime":"2022-11-05T11:46:30.118888555Z","releaseUser":{"email":"mdronnieronniers@gmail.com","imageUrl":"https://lh3.googleusercontent.com/a/ALm5wu32UBPZlt7gimZwmlrUpgQNvTPaLld4awujXRUwTg=mo"}}
[debug] [2022-11-05T11:46:30.827Z] [hosting] release: {"name":"projects/213290490583/sites/genius-car-d1bbd/channels/live/releases/1667648790118888","version":{"name":"projects/213290490583/sites/genius-car-d1bbd/versions/9eaa9a7a604e4329","status":"FINALIZED","config":{"rewrites":[{"glob":"**","path":"/index.html"}]},"labels":{"deployment-tool":"cli-firebase"},"createTime":"2022-11-05T11:46:21.986352Z","createUser":{"email":"mdronnieronniers@gmail.com","imageUrl":"https://lh3.googleusercontent.com/a/ALm5wu32UBPZlt7gimZwmlrUpgQNvTPaLld4awujXRUwTg=mo"},"finalizeTime":"2022-11-05T11:46:29.374179Z","finalizeUser":{"email":"mdronnieronniers@gmail.com","imageUrl":"https://lh3.googleusercontent.com/a/ALm5wu32UBPZlt7gimZwmlrUpgQNvTPaLld4awujXRUwTg=mo"}},"type":"DEPLOY","releaseTime":"2022-11-05T11:46:30.118888555Z","releaseUser":{"email":"mdronnieronniers@gmail.com","imageUrl":"https://lh3.googleusercontent.com/a/ALm5wu32UBPZlt7gimZwmlrUpgQNvTPaLld4awujXRUwTg=mo"}}
[info] +  hosting[genius-car-d1bbd]: release complete 
[info] 
[info] +  Deploy complete! 
[info] 
[info] Project Console: https://console.firebase.google.com/project/genius-car-d1bbd/overview
[info] Hosting URL: https://genius-car-d1bbd.web.app
[debug] [2022-11-05T11:47:01.925Z] Error: Timed out.
    at Timeout._onTimeout (C:\Users\ronyr\AppData\Roaming\npm\node_modules\firebase-tools\lib\utils.js:253:49)
    at listOnTimeout (node:internal/timers:559:17)
    at processTimers (node:internal/timers:502:7)
[error] 
[error] Error: An unexpected error has occurred.
